zafraApp/build/outputs/logs/manifest-merger-release-report.txt
-- Merging decision tree log ---
provider#android.support.v4.content.FileProvider
INJECTED from src\main\AndroidManifest.xml:121:3-129:14
	android:grantUriPermissions
		ADDED from src\main\AndroidManifest.xml:125:4-38
	android:authorities
		INJECTED from src\main\AndroidManifest.xml
		ADDED from src\main\AndroidManifest.xml:123:4-51
	android:exported
		ADDED from src\main\AndroidManifest.xml:124:4-28
	android:name
		ADDED from src\main\AndroidManifest.xml:122:4-58
manifest
ADDED from src\main\AndroidManifest.xml:2:1-134:12
INJECTED from src\main\AndroidManifest.xml:2:1-134:12
INJECTED from src\main\AndroidManifest.xml:2:1-134:12
INJECTED from src\main\AndroidManifest.xml:2:1-134:12
MERGED from [:library] AndroidManifest.xml:2:1-11:12
MERGED from [:captureActivity] AndroidManifest.xml:17:1-222:12
MERGED from [com.android.support:appcompat-v7:27.1.1] AndroidManifest.xml:17:1-22:12
MERGED from [com.google.firebase:firebase-core:16.0.1] AndroidManifest.xml:2:1-9:12
MERGED from [com.google.firebase:firebase-measurement-connector-impl:16.0.1] AndroidManifest.xml:17:1-34:12
MERGED from [com.google.firebase:firebase-analytics:16.0.1] AndroidManifest.xml:17:1-55:12
MERGED from [com.google.firebase:firebase-analytics-impl:16.1.1] AndroidManifest.xml:17:1-40:12
MERGED from [com.google.firebase:firebase-iid:16.0.0] AndroidManifest.xml:17:1-65:12
MERGED from [com.google.android.gms:play-services-stats:15.0.1] AndroidManifest.xml:2:1-9:12
MERGED from [com.google.firebase:firebase-common:16.0.0] AndroidManifest.xml:2:1-16:12
MERGED from [com.google.firebase:firebase-measurement-connector:16.0.0] AndroidManifest.xml:17:1-25:12
MERGED from [com.google.android.gms:play-services-ads-identifier:15.0.1] AndroidManifest.xml:17:1-24:12
MERGED from [com.google.firebase:firebase-iid-interop:16.0.0] AndroidManifest.xml:2:1-10:12
MERGED from [com.google.android.gms:play-services-base:15.0.1] AndroidManifest.xml:17:1-29:12
MERGED from [com.google.android.gms:play-services-tasks:15.0.1] AndroidManifest.xml:2:1-9:12
MERGED from [com.google.android.gms:play-services-basement:15.0.1] AndroidManifest.xml:17:1-28:12
MERGED from [com.android.support:support-v4:27.1.1] AndroidManifest.xml:17:1-22:12
MERGED from [com.android.support:support-media-compat:27.1.1] AndroidManifest.xml:17:1-22:12
MERGED from [com.android.support.constraint:constraint-layout:1.1.2] AndroidManifest.xml:2:1-11:12
MERGED from [com.android.support:support-fragment:27.1.1] AndroidManifest.xml:17:1-22:12
MERGED from [com.android.support:animated-vector-drawable:27.1.1] AndroidManifest.xml:17:1-22:12
MERGED from [com.android.support:support-core-ui:27.1.1] AndroidManifest.xml:17:1-22:12
MERGED from [com.android.support:support-core-utils:27.1.1] AndroidManifest.xml:17:1-22:12
MERGED from [com.android.support:support-vector-drawable:27.1.1] AndroidManifest.xml:17:1-22:12
MERGED from [com.android.support:support-compat:27.1.1] AndroidManifest.xml:17:1-22:12
MERGED from [android.arch.lifecycle:livedata-core:1.1.0] AndroidManifest.xml:17:1-22:12
MERGED from [android.arch.lifecycle:viewmodel:1.1.0] AndroidManifest.xml:17:1-22:12
MERGED from [android.arch.lifecycle:runtime:1.1.0] AndroidManifest.xml:17:1-22:12
MERGED from [com.google.android.gms:play-services-measurement-base:16.0.0] AndroidManifest.xml:17:1-24:12
MERGED from [android.arch.core:runtime:1.1.0] AndroidManifest.xml:17:1-22:12
INJECTED from src\main\AndroidManifest.xml:2:1-134:12
INJECTED from src\main\AndroidManifest.xml:2:1-134:12
INJECTED from src\main\AndroidManifest.xml:2:1-134:12
	package
		ADDED from src\main\AndroidManifest.xml:4:2-24
		INJECTED from src\main\AndroidManifest.xml
		INJECTED from src\main\AndroidManifest.xml
	android:versionName
		ADDED from src\main\AndroidManifest.xml:6:5-32
		INJECTED from src\main\AndroidManifest.xml
		INJECTED from src\main\AndroidManifest.xml
	xmlns:tools
		ADDED from src\main\AndroidManifest.xml:3:2-48
	xmlns:android
		ADDED from src\main\AndroidManifest.xml:2:11-69
	android:versionCode
		ADDED from src\main\AndroidManifest.xml:5:5-29
		INJECTED from src\main\AndroidManifest.xml
		INJECTED from src\main\AndroidManifest.xml
	android:installLocation
		ADDED from src\main\AndroidManifest.xml:7:5-45
uses-permission#android.permission.INTERNET
ADDED from src\main\AndroidManifest.xml:11:1-63
MERGED from [:captureActivity] AndroidManifest.xml:28:5-67
MERGED from [:captureActivity] AndroidManifest.xml:28:5-67
MERGED from [com.google.firebase:firebase-measurement-connector-impl:16.0.1] AndroidManifest.xml:22:5-67
MERGED from [com.google.firebase:firebase-measurement-connector-impl:16.0.1] AndroidManifest.xml:22:5-67
MERGED from [com.google.firebase:firebase-analytics:16.0.1] AndroidManifest.xml:23:5-67
MERGED from [com.google.firebase:firebase-analytics:16.0.1] AndroidManifest.xml:23:5-67
MERGED from [com.google.firebase:firebase-analytics-impl:16.1.1] AndroidManifest.xml:23:5-67
MERGED from [com.google.firebase:firebase-analytics-impl:16.1.1] AndroidManifest.xml:23:5-67
MERGED from [com.google.firebase:firebase-iid:16.0.0] AndroidManifest.xml:23:5-67
MERGED from [com.google.firebase:firebase-iid:16.0.0] AndroidManifest.xml:23:5-67
	android:name
		ADDED from src\main\AndroidManifest.xml:11:18-60
uses-permission#android.permission.ACCESS_NETWORK_STATE
ADDED from src\main\AndroidManifest.xml:12:1-75
MERGED from [com.google.firebase:firebase-measurement-connector-impl:16.0.1] AndroidManifest.xml:23:5-79
MERGED from [com.google.firebase:firebase-measurement-connector-impl:16.0.1] AndroidManifest.xml:23:5-79
MERGED from [com.google.firebase:firebase-analytics:16.0.1] AndroidManifest.xml:24:5-79
MERGED from [com.google.firebase:firebase-analytics:16.0.1] AndroidManifest.xml:24:5-79
MERGED from [com.google.firebase:firebase-analytics-impl:16.1.1] AndroidManifest.xml:24:5-79
MERGED from [com.google.firebase:firebase-analytics-impl:16.1.1] AndroidManifest.xml:24:5-79
MERGED from [com.google.firebase:firebase-iid:16.0.0] AndroidManifest.xml:22:5-79
MERGED from [com.google.firebase:firebase-iid:16.0.0] AndroidManifest.xml:22:5-79
	android:name
		ADDED from src\main\AndroidManifest.xml:12:18-72
uses-permission#android.permission.CAMERA
ADDED from src\main\AndroidManifest.xml:13:1-60
MERGED from [:captureActivity] AndroidManifest.xml:27:5-65
MERGED from [:captureActivity] AndroidManifest.xml:27:5-65
	android:name
		ADDED from src\main\AndroidManifest.xml:13:18-58
uses-permission#android.permission.WRITE_EXTERNAL_STORAGE
ADDED from src\main\AndroidManifest.xml:14:1-76
MERGED from [:captureActivity] AndroidManifest.xml:33:5-81
MERGED from [:captureActivity] AndroidManifest.xml:33:5-81
	android:name
		ADDED from src\main\AndroidManifest.xml:14:18-74
uses-permission#android.permission.WAKE_LOCK
ADDED from src\main\AndroidManifest.xml:15:1-64
MERGED from [com.google.firebase:firebase-measurement-connector-impl:16.0.1] AndroidManifest.xml:24:5-68
MERGED from [com.google.firebase:firebase-measurement-connector-impl:16.0.1] AndroidManifest.xml:24:5-68
MERGED from [com.google.firebase:firebase-analytics:16.0.1] AndroidManifest.xml:25:5-68
MERGED from [com.google.firebase:firebase-analytics:16.0.1] AndroidManifest.xml:25:5-68
MERGED from [com.google.firebase:firebase-analytics-impl:16.1.1] AndroidManifest.xml:25:5-68
MERGED from [com.google.firebase:firebase-analytics-impl:16.1.1] AndroidManifest.xml:25:5-68
MERGED from [com.google.firebase:firebase-iid:16.0.0] AndroidManifest.xml:24:5-68
MERGED from [com.google.firebase:firebase-iid:16.0.0] AndroidManifest.xml:24:5-68
	android:name
		ADDED from src\main\AndroidManifest.xml:15:18-61
application
ADDED from src\main\AndroidManifest.xml:19:2-131:23
MERGED from [:captureActivity] AndroidManifest.xml:60:5-220:19
MERGED from [:captureActivity] AndroidManifest.xml:60:5-220:19
MERGED from [com.google.firebase:firebase-core:16.0.1] AndroidManifest.xml:7:5-20
MERGED from [com.google.firebase:firebase-core:16.0.1] AndroidManifest.xml:7:5-20
MERGED from [com.google.firebase:firebase-measurement-connector-impl:16.0.1] AndroidManifest.xml:26:5-32:19
MERGED from [com.google.firebase:firebase-measurement-connector-impl:16.0.1] AndroidManifest.xml:26:5-32:19
MERGED from [com.google.firebase:firebase-analytics:16.0.1] AndroidManifest.xml:28:5-53:19
MERGED from [com.google.firebase:firebase-analytics:16.0.1] AndroidManifest.xml:28:5-53:19
MERGED from [com.google.firebase:firebase-analytics-impl:16.1.1] AndroidManifest.xml:28:5-38:19
MERGED from [com.google.firebase:firebase-analytics-impl:16.1.1] AndroidManifest.xml:28:5-38:19
MERGED from [com.google.firebase:firebase-iid:16.0.0] AndroidManifest.xml:34:5-63:19
MERGED from [com.google.firebase:firebase-iid:16.0.0] AndroidManifest.xml:34:5-63:19
MERGED from [com.google.android.gms:play-services-stats:15.0.1] AndroidManifest.xml:7:5-20
MERGED from [com.google.android.gms:play-services-stats:15.0.1] AndroidManifest.xml:7:5-20
MERGED from [com.google.firebase:firebase-common:16.0.0] AndroidManifest.xml:8:5-14:19
MERGED from [com.google.firebase:firebase-common:16.0.0] AndroidManifest.xml:8:5-14:19
MERGED from [com.google.firebase:firebase-measurement-connector:16.0.0] AndroidManifest.xml:22:5-23:19
MERGED from [com.google.firebase:firebase-measurement-connector:16.0.0] AndroidManifest.xml:22:5-23:19
MERGED from [com.google.android.gms:play-services-ads-identifier:15.0.1] AndroidManifest.xml:22:5-20
MERGED from [com.google.android.gms:play-services-ads-identifier:15.0.1] AndroidManifest.xml:22:5-20
MERGED from [com.google.firebase:firebase-iid-interop:16.0.0] AndroidManifest.xml:7:5-8:19
MERGED from [com.google.firebase:firebase-iid-interop:16.0.0] AndroidManifest.xml:7:5-8:19
MERGED from [com.google.android.gms:play-services-base:15.0.1] AndroidManifest.xml:22:5-27:19
MERGED from [com.google.android.gms:play-services-base:15.0.1] AndroidManifest.xml:22:5-27:19
MERGED from [com.google.android.gms:play-services-tasks:15.0.1] AndroidManifest.xml:7:5-20
MERGED from [com.google.android.gms:play-services-tasks:15.0.1] AndroidManifest.xml:7:5-20
MERGED from [com.google.android.gms:play-services-basement:15.0.1] AndroidManifest.xml:22:5-26:19
MERGED from [com.google.android.gms:play-services-basement:15.0.1] AndroidManifest.xml:22:5-26:19
MERGED from [com.android.support.constraint:constraint-layout:1.1.2] AndroidManifest.xml:9:5-20
MERGED from [com.android.support.constraint:constraint-layout:1.1.2] AndroidManifest.xml:9:5-20
MERGED from [com.google.android.gms:play-services-measurement-base:16.0.0] AndroidManifest.xml:22:5-20
MERGED from [com.google.android.gms:play-services-measurement-base:16.0.0] AndroidManifest.xml:22:5-20
	android:label
		ADDED from src\main\AndroidManifest.xml:21:9-43
		REJECTED from [:captureActivity] AndroidManifest.xml:62:9-41
	android:icon
		ADDED from src\main\AndroidManifest.xml:20:9-43
		REJECTED from [:captureActivity] AndroidManifest.xml:61:9-47
	android:allowBackup
		ADDED from src\main\AndroidManifest.xml:23:9-36
	android:theme
		ADDED from src\main\AndroidManifest.xml:22:9-53
	tools:replace
		ADDED from src\main\AndroidManifest.xml:24:3-45
activity#clases_principales.PantallaSplash
ADDED from src\main\AndroidManifest.xml:26:8-39:24
	android:screenOrientation
		ADDED from src\main\AndroidManifest.xml:31:13-49
	android:label
		ADDED from src\main\AndroidManifest.xml:28:13-47
	android:theme
		ADDED from src\main\AndroidManifest.xml:30:13-60
	android:logo
		ADDED from src\main\AndroidManifest.xml:29:13-47
	android:name
		ADDED from src\main\AndroidManifest.xml:27:13-61
intent-filter#action:name:android.intent.action.MAIN+category:name:android.intent.category.LAUNCHER
ADDED from src\main\AndroidManifest.xml:34:8-37:29
action#android.intent.action.MAIN
ADDED from src\main\AndroidManifest.xml:35:13-65
	android:name
		ADDED from src\main\AndroidManifest.xml:35:21-62
category#android.intent.category.LAUNCHER
ADDED from src\main\AndroidManifest.xml:36:7-67
	android:name
		ADDED from src\main\AndroidManifest.xml:36:17-64
activity#clases_principales.MenuPrincipal
ADDED from src\main\AndroidManifest.xml:40:13-159
	android:screenOrientation
		ADDED from src\main\AndroidManifest.xml:40:71-107
	android:theme
		ADDED from src\main\AndroidManifest.xml:40:108-146
	android:name
		ADDED from src\main\AndroidManifest.xml:40:23-70
activity#rss.RssNoticias
ADDED from src\main\AndroidManifest.xml:41:10-100
	android:screenOrientation
		ADDED from src\main\AndroidManifest.xml:41:51-87
	android:name
		ADDED from src\main\AndroidManifest.xml:41:20-50
activity#rss_feria.RssNoticiasFeria
ADDED from src\main\AndroidManifest.xml:42:10-111
	android:screenOrientation
		ADDED from src\main\AndroidManifest.xml:42:62-98
	android:name
		ADDED from src\main\AndroidManifest.xml:42:20-61
activity#clases_principales.Agenda
ADDED from src\main\AndroidManifest.xml:45:10-110
	android:screenOrientation
		ADDED from src\main\AndroidManifest.xml:45:61-97
	android:name
		ADDED from src\main\AndroidManifest.xml:45:20-60
activity#clases_principales.LectorQR
ADDED from src\main\AndroidManifest.xml:46:8-157
	android:screenOrientation
		ADDED from src\main\AndroidManifest.xml:46:109-145
	android:theme
		ADDED from src\main\AndroidManifest.xml:46:61-108
	android:name
		ADDED from src\main\AndroidManifest.xml:46:18-60
activity#clases_principales.Menu_Mas
ADDED from src\main\AndroidManifest.xml:47:13-162
	android:screenOrientation
		ADDED from src\main\AndroidManifest.xml:47:114-150
	android:theme
		ADDED from src\main\AndroidManifest.xml:47:66-113
	android:name
		ADDED from src\main\AndroidManifest.xml:47:23-65
activity#clases_principales.AcercaDe
ADDED from src\main\AndroidManifest.xml:48:8-157
	android:screenOrientation
		ADDED from src\main\AndroidManifest.xml:48:109-145
	android:theme
		ADDED from src\main\AndroidManifest.xml:48:61-108
	android:name
		ADDED from src\main\AndroidManifest.xml:48:18-60
activity#clases_principales.Zafra_Categorias
ADDED from src\main\AndroidManifest.xml:49:8-165
	android:screenOrientation
		ADDED from src\main\AndroidManifest.xml:49:117-153
	android:theme
		ADDED from src\main\AndroidManifest.xml:49:69-116
	android:name
		ADDED from src\main\AndroidManifest.xml:49:18-68
activity#radio.Radio
ADDED from src\main\AndroidManifest.xml:50:8-141
	android:screenOrientation
		ADDED from src\main\AndroidManifest.xml:50:93-129
	android:theme
		ADDED from src\main\AndroidManifest.xml:50:45-92
	android:name
		ADDED from src\main\AndroidManifest.xml:50:18-44
activity#lunaalfuego.Categorias_LunaFuego
ADDED from src\main\AndroidManifest.xml:51:8-162
	android:screenOrientation
		ADDED from src\main\AndroidManifest.xml:51:114-150
	android:theme
		ADDED from src\main\AndroidManifest.xml:51:66-113
	android:name
		ADDED from src\main\AndroidManifest.xml:51:18-65
activity#lunaalfuego.Info_Detalle_Programacion
ADDED from src\main\AndroidManifest.xml:52:8-119
	android:screenOrientation
		ADDED from src\main\AndroidManifest.xml:52:71-107
	android:name
		ADDED from src\main\AndroidManifest.xml:52:18-70
activity#lunaalfuego.Fragment_Mapa
ADDED from src\main\AndroidManifest.xml:53:8-107
	android:screenOrientation
		ADDED from src\main\AndroidManifest.xml:53:59-95
	android:name
		ADDED from src\main\AndroidManifest.xml:53:18-58
activity#lunaalfuego.Fragment_Fotos_LunaFuego
ADDED from src\main\AndroidManifest.xml:54:8-118
	android:screenOrientation
		ADDED from src\main\AndroidManifest.xml:54:70-106
	android:name
		ADDED from src\main\AndroidManifest.xml:54:18-69
activity#lunaalfuego.Swipe_LunaFuego
ADDED from src\main\AndroidManifest.xml:55:8-109
	android:screenOrientation
		ADDED from src\main\AndroidManifest.xml:55:61-97
	android:name
		ADDED from src\main\AndroidManifest.xml:55:18-60
activity#lunaalfuego.Swipe_Mapa
ADDED from src\main\AndroidManifest.xml:56:8-104
	android:screenOrientation
		ADDED from src\main\AndroidManifest.xml:56:56-92
	android:name
		ADDED from src\main\AndroidManifest.xml:56:18-55
activity#lunaalfuego.Actividades_Lista
ADDED from src\main\AndroidManifest.xml:57:8-159
	android:screenOrientation
		ADDED from src\main\AndroidManifest.xml:57:111-147
	android:theme
		ADDED from src\main\AndroidManifest.xml:57:63-110
	android:name
		ADDED from src\main\AndroidManifest.xml:57:18-62
activity#lunaalfuego.Info_Detalle_Actividades
ADDED from src\main\AndroidManifest.xml:58:8-118
	android:screenOrientation
		ADDED from src\main\AndroidManifest.xml:58:70-106
	android:name
		ADDED from src\main\AndroidManifest.xml:58:18-69
activity#lunaalfuego.Programacion_Lista
ADDED from src\main\AndroidManifest.xml:59:8-160
	android:screenOrientation
		ADDED from src\main\AndroidManifest.xml:59:112-148
	android:theme
		ADDED from src\main\AndroidManifest.xml:59:64-111
	android:name
		ADDED from src\main\AndroidManifest.xml:59:18-63
activity#feriazafra.Categorias_FeriaZafra
ADDED from src\main\AndroidManifest.xml:61:8-162
	android:screenOrientation
		ADDED from src\main\AndroidManifest.xml:61:114-150
	android:theme
		ADDED from src\main\AndroidManifest.xml:61:66-113
	android:name
		ADDED from src\main\AndroidManifest.xml:61:18-65
activity#feriazafra.Plano_Feria
ADDED from src\main\AndroidManifest.xml:62:8-68
	android:name
		ADDED from src\main\AndroidManifest.xml:62:18-55
activity#feriazafra.Informacion_Interes
ADDED from src\main\AndroidManifest.xml:63:8-112
	android:screenOrientation
		ADDED from src\main\AndroidManifest.xml:63:64-100
	android:name
		ADDED from src\main\AndroidManifest.xml:63:18-63
activity#feriazafra.Swipe_GaleriaZafra
ADDED from src\main\AndroidManifest.xml:64:8-111
	android:screenOrientation
		ADDED from src\main\AndroidManifest.xml:64:63-99
	android:name
		ADDED from src\main\AndroidManifest.xml:64:18-62
activity#feriazafra.Fragment_Fotos_FeriaZafra
ADDED from src\main\AndroidManifest.xml:65:8-118
	android:screenOrientation
		ADDED from src\main\AndroidManifest.xml:65:70-106
	android:name
		ADDED from src\main\AndroidManifest.xml:65:18-69
activity#feriazafra.Programacion_Lista
ADDED from src\main\AndroidManifest.xml:66:8-159
	android:screenOrientation
		ADDED from src\main\AndroidManifest.xml:66:111-147
	android:theme
		ADDED from src\main\AndroidManifest.xml:66:63-110
	android:name
		ADDED from src\main\AndroidManifest.xml:66:18-62
activity#feriazafra.Info_Detalle_Programacion
ADDED from src\main\AndroidManifest.xml:67:8-118
	android:screenOrientation
		ADDED from src\main\AndroidManifest.xml:67:70-106
	android:name
		ADDED from src\main\AndroidManifest.xml:67:18-69
activity#feriazafra.Expositores_Lista
ADDED from src\main\AndroidManifest.xml:68:8-110
	android:screenOrientation
		ADDED from src\main\AndroidManifest.xml:68:62-98
	android:name
		ADDED from src\main\AndroidManifest.xml:68:18-61
activity#feriazafra.MostrarItem_Expositores
ADDED from src\main\AndroidManifest.xml:69:10-118
	android:screenOrientation
		ADDED from src\main\AndroidManifest.xml:69:70-106
	android:name
		ADDED from src\main\AndroidManifest.xml:69:20-69
activity#monumentos.Monumentos_Lista
ADDED from src\main\AndroidManifest.xml:71:8-157
	android:screenOrientation
		ADDED from src\main\AndroidManifest.xml:71:61-97
	android:theme
		ADDED from src\main\AndroidManifest.xml:71:98-145
	android:name
		ADDED from src\main\AndroidManifest.xml:71:18-60
activity#monumentos.Monumentos_TabSwipe
ADDED from src\main\AndroidManifest.xml:72:13-117
	android:screenOrientation
		ADDED from src\main\AndroidManifest.xml:72:69-105
	android:name
		ADDED from src\main\AndroidManifest.xml:72:23-68
activity#monumentos.FragmentInicioMonumentos
ADDED from src\main\AndroidManifest.xml:73:10-119
	android:screenOrientation
		ADDED from src\main\AndroidManifest.xml:73:71-107
	android:name
		ADDED from src\main\AndroidManifest.xml:73:20-70
activity#monumentos.FragmentInfoMonumentos
ADDED from src\main\AndroidManifest.xml:74:10-117
	android:screenOrientation
		ADDED from src\main\AndroidManifest.xml:74:69-105
	android:name
		ADDED from src\main\AndroidManifest.xml:74:20-68
activity#monumentos.FragmentFotosMonumentos
ADDED from src\main\AndroidManifest.xml:75:10-118
	android:screenOrientation
		ADDED from src\main\AndroidManifest.xml:75:70-106
	android:name
		ADDED from src\main\AndroidManifest.xml:75:20-69
activity#restaurantes.Restaurantes_Lista
ADDED from src\main\AndroidManifest.xml:76:10-163
	android:screenOrientation
		ADDED from src\main\AndroidManifest.xml:76:67-103
	android:theme
		ADDED from src\main\AndroidManifest.xml:76:104-151
	android:name
		ADDED from src\main\AndroidManifest.xml:76:20-66
activity#restaurantes.Restaurantes_Categorias
ADDED from src\main\AndroidManifest.xml:77:9-167
	android:screenOrientation
		ADDED from src\main\AndroidManifest.xml:77:71-107
	android:theme
		ADDED from src\main\AndroidManifest.xml:77:108-155
	android:name
		ADDED from src\main\AndroidManifest.xml:77:19-70
activity#restaurantes.Restaurantes_TabSwipe
ADDED from src\main\AndroidManifest.xml:78:9-117
	android:screenOrientation
		ADDED from src\main\AndroidManifest.xml:78:69-105
	android:name
		ADDED from src\main\AndroidManifest.xml:78:19-68
activity#restaurantes.FragmentInicioRestaurantes
ADDED from src\main\AndroidManifest.xml:79:10-123
	android:screenOrientation
		ADDED from src\main\AndroidManifest.xml:79:75-111
	android:name
		ADDED from src\main\AndroidManifest.xml:79:20-74
activity#restaurantes.FragmentInfoRestaurantes
ADDED from src\main\AndroidManifest.xml:80:10-121
	android:screenOrientation
		ADDED from src\main\AndroidManifest.xml:80:73-109
	android:name
		ADDED from src\main\AndroidManifest.xml:80:20-72
activity#restaurantes.FragmentFotosRestaurantes
ADDED from src\main\AndroidManifest.xml:81:10-122
	android:screenOrientation
		ADDED from src\main\AndroidManifest.xml:81:74-110
	android:name
		ADDED from src\main\AndroidManifest.xml:81:20-73
activity#alojamientos.Alojamientos_Lista
ADDED from src\main\AndroidManifest.xml:82:10-163
	android:screenOrientation
		ADDED from src\main\AndroidManifest.xml:82:67-103
	android:theme
		ADDED from src\main\AndroidManifest.xml:82:104-151
	android:name
		ADDED from src\main\AndroidManifest.xml:82:20-66
activity#alojamientos.Alojamientos_Categorias
ADDED from src\main\AndroidManifest.xml:83:9-167
	android:screenOrientation
		ADDED from src\main\AndroidManifest.xml:83:71-107
	android:theme
		ADDED from src\main\AndroidManifest.xml:83:108-155
	android:name
		ADDED from src\main\AndroidManifest.xml:83:19-70
activity#alojamientos.Alojamientos_TabSwipe
ADDED from src\main\AndroidManifest.xml:84:9-117
	android:screenOrientation
		ADDED from src\main\AndroidManifest.xml:84:69-105
	android:name
		ADDED from src\main\AndroidManifest.xml:84:19-68
activity#alojamientos.FragmentInicioAlojamientos
ADDED from src\main\AndroidManifest.xml:85:10-123
	android:screenOrientation
		ADDED from src\main\AndroidManifest.xml:85:75-111
	android:name
		ADDED from src\main\AndroidManifest.xml:85:20-74
activity#alojamientos.FragmentInfoAlojamientos
ADDED from src\main\AndroidManifest.xml:86:10-121
	android:screenOrientation
		ADDED from src\main\AndroidManifest.xml:86:73-109
	android:name
		ADDED from src\main\AndroidManifest.xml:86:20-72
activity#alojamientos.FragmentFotosAlojamientos
ADDED from src\main\AndroidManifest.xml:87:10-122
	android:screenOrientation
		ADDED from src\main\AndroidManifest.xml:87:74-110
	android:name
		ADDED from src\main\AndroidManifest.xml:87:20-73
activity#leyendas.Leyendas_Lista
ADDED from src\main\AndroidManifest.xml:88:10-107
	android:screenOrientation
		ADDED from src\main\AndroidManifest.xml:88:59-95
	android:name
		ADDED from src\main\AndroidManifest.xml:88:20-58
activity#leyendas.MostrarItem_Leyendas
ADDED from src\main\AndroidManifest.xml:89:10-113
	android:screenOrientation
		ADDED from src\main\AndroidManifest.xml:89:65-101
	android:name
		ADDED from src\main\AndroidManifest.xml:89:20-64
activity#personajes.Personajes_Lista
ADDED from src\main\AndroidManifest.xml:90:10-111
	android:screenOrientation
		ADDED from src\main\AndroidManifest.xml:90:63-99
	android:name
		ADDED from src\main\AndroidManifest.xml:90:20-62
activity#personajes.MostrarItem_Personajes
ADDED from src\main\AndroidManifest.xml:91:10-92:53
	android:screenOrientation
		ADDED from src\main\AndroidManifest.xml:92:5-41
	android:name
		ADDED from src\main\AndroidManifest.xml:91:20-68
activity#com.google.zxing.client.android.CaptureActivity
ADDED from src\main\AndroidManifest.xml:94:7-110:12
MERGED from [:captureActivity] AndroidManifest.xml:63:9-124:20
MERGED from [:captureActivity] AndroidManifest.xml:63:9-124:20
	android:screenOrientation
		ADDED from src\main\AndroidManifest.xml:98:7-43
	android:clearTaskOnLaunch
		ADDED from src\main\AndroidManifest.xml:96:7-39
	android:stateNotNeeded
		ADDED from src\main\AndroidManifest.xml:99:7-36
	android:windowSoftInputMode
		ADDED from src\main\AndroidManifest.xml:101:7-54
	android:configChanges
		ADDED from src\main\AndroidManifest.xml:97:7-57
	android:theme
		ADDED from src\main\AndroidManifest.xml:100:7-65
	android:name
		ADDED from src\main\AndroidManifest.xml:95:7-69
intent-filter#action:name:android.intent.action.MAIN+category:name:android.intent.category.DEFAULT
ADDED from src\main\AndroidManifest.xml:102:4-105:20
category#android.intent.category.DEFAULT
ADDED from src\main\AndroidManifest.xml:104:9-68
	android:name
		ADDED from src\main\AndroidManifest.xml:104:19-65
intent-filter#action:name:app.proyecto.visitazafra.SCAN+category:name:android.intent.category.DEFAULT
ADDED from src\main\AndroidManifest.xml:106:4-109:20
action#app.proyecto.visitazafra.SCAN
ADDED from src\main\AndroidManifest.xml:107:9-64
	android:name
		ADDED from src\main\AndroidManifest.xml:107:17-61
service#radio.MyMediaPlayerService
ADDED from src\main\AndroidManifest.xml:111:3-114:72
	android:enabled
		ADDED from src\main\AndroidManifest.xml:112:13-35
	android:permission
		ADDED from src\main\AndroidManifest.xml:114:13-69
	android:name
		ADDED from src\main\AndroidManifest.xml:113:13-54
receiver#ayto.zafrApp.MyIntentReceiver
ADDED from src\main\AndroidManifest.xml:115:3-119:14
	android:name
		ADDED from src\main\AndroidManifest.xml:115:13-57
intent-filter#action:name:android.media.AUDIO_BECOMING_NOISY
ADDED from src\main\AndroidManifest.xml:116:7-118:23
action#android.media.AUDIO_BECOMING_NOISY
ADDED from src\main\AndroidManifest.xml:117:10-70
	android:name
		ADDED from src\main\AndroidManifest.xml:117:18-67
uses-sdk
INJECTED from src\main\AndroidManifest.xml reason: use-sdk injection requested
INJECTED from src\main\AndroidManifest.xml
INJECTED from src\main\AndroidManifest.xml
MERGED from [:library] AndroidManifest.xml:7:5-9:41
MERGED from [:library] AndroidManifest.xml:7:5-9:41
MERGED from [:captureActivity] AndroidManifest.xml:23:5-25:41
MERGED from [:captureActivity] AndroidManifest.xml:23:5-25:41
MERGED from [com.android.support:appcompat-v7:27.1.1] AndroidManifest.xml:20:5-44
MERGED from [com.android.support:appcompat-v7:27.1.1] AndroidManifest.xml:20:5-44
MERGED from [com.google.firebase:firebase-core:16.0.1] AndroidManifest.xml:5:5-44
MERGED from [com.google.firebase:firebase-core:16.0.1] AndroidManifest.xml:5:5-44
MERGED from [com.google.firebase:firebase-measurement-connector-impl:16.0.1] AndroidManifest.xml:20:5-44
MERGED from [com.google.firebase:firebase-measurement-connector-impl:16.0.1] AndroidManifest.xml:20:5-44
MERGED from [com.google.firebase:firebase-analytics:16.0.1] AndroidManifest.xml:20:5-44
MERGED from [com.google.firebase:firebase-analytics:16.0.1] AndroidManifest.xml:20:5-44
MERGED from [com.google.firebase:firebase-analytics-impl:16.1.1] AndroidManifest.xml:20:5-44
MERGED from [com.google.firebase:firebase-analytics-impl:16.1.1] AndroidManifest.xml:20:5-44
MERGED from [com.google.firebase:firebase-iid:16.0.0] AndroidManifest.xml:20:5-44
MERGED from [com.google.firebase:firebase-iid:16.0.0] AndroidManifest.xml:20:5-44
MERGED from [com.google.android.gms:play-services-stats:15.0.1] AndroidManifest.xml:5:5-44
MERGED from [com.google.android.gms:play-services-stats:15.0.1] AndroidManifest.xml:5:5-44
MERGED from [com.google.firebase:firebase-common:16.0.0] AndroidManifest.xml:5:5-6:37
MERGED from [com.google.firebase:firebase-common:16.0.0] AndroidManifest.xml:5:5-6:37
MERGED from [com.google.firebase:firebase-measurement-connector:16.0.0] AndroidManifest.xml:20:5-44
MERGED from [com.google.firebase:firebase-measurement-connector:16.0.0] AndroidManifest.xml:20:5-44
MERGED from [com.google.android.gms:play-services-ads-identifier:15.0.1] AndroidManifest.xml:20:5-44
MERGED from [com.google.android.gms:play-services-ads-identifier:15.0.1] AndroidManifest.xml:20:5-44
MERGED from [com.google.firebase:firebase-iid-interop:16.0.0] AndroidManifest.xml:5:5-44
MERGED from [com.google.firebase:firebase-iid-interop:16.0.0] AndroidManifest.xml:5:5-44
MERGED from [com.google.android.gms:play-services-base:15.0.1] AndroidManifest.xml:20:5-44
MERGED from [com.google.android.gms:play-services-base:15.0.1] AndroidManifest.xml:20:5-44
MERGED from [com.google.android.gms:play-services-tasks:15.0.1] AndroidManifest.xml:5:5-44
MERGED from [com.google.android.gms:play-services-tasks:15.0.1] AndroidManifest.xml:5:5-44
MERGED from [com.google.android.gms:play-services-basement:15.0.1] AndroidManifest.xml:20:5-44
MERGED from [com.google.android.gms:play-services-basement:15.0.1] AndroidManifest.xml:20:5-44
MERGED from [com.android.support:support-v4:27.1.1] AndroidManifest.xml:20:5-44
MERGED from [com.android.support:support-v4:27.1.1] AndroidManifest.xml:20:5-44
MERGED from [com.android.support:support-media-compat:27.1.1] AndroidManifest.xml:20:5-44
MERGED from [com.android.support:support-media-compat:27.1.1] AndroidManifest.xml:20:5-44
MERGED from [com.android.support.constraint:constraint-layout:1.1.2] AndroidManifest.xml:5:5-7:41
MERGED from [com.android.support.constraint:constraint-layout:1.1.2] AndroidManifest.xml:5:5-7:41
MERGED from [com.android.support:support-fragment:27.1.1] AndroidManifest.xml:20:5-44
MERGED from [com.android.support:support-fragment:27.1.1] AndroidManifest.xml:20:5-44